ISim log file
Running: C:\Users\Ahmed Araby\MainModule\RobotTest_isim_beh.exe -intstyle ise -gui -tclbatch isim.cmd -wdb C:/Users/Ahmed Araby/MainModule/RobotTest_isim_beh.wdb 
ISim P.58f (signature 0x8ef4fb42)
----------------------------------------------------------------------
INFO:Security:51 - The XILINXD_LICENSE_FILE environment variable is not set.
INFO:Security:53 - The LM_LICENSE_FILE environment variable is not set.
INFO:Security:68a - user is Ahmed Araby, on host DESKTOP-UUSGSSN.
WARNING:Security:43 - No license file was found in the standard Xilinx license directory.
WARNING:Security:44 - Since no license file was found,
       please run the Xilinx License Configuration Manager
       (xlcm or "Manage Xilinx Licenses")
       to assist in obtaining a license.
ERROR:Security:14 - No feature was available for 'ISIM'.

No such feature exists.
Feature:       ISIM
License path:  C:/.Xilinx;C:\Xilinx\14.5\ISE_DS\ISE\/data\*.lic;C:\Xilinx\14.5\ISE_DS\ISE\/coregen/core_licenses\Xilinx.lic;C:\Xilinx\14.5\ISE_DS\ISE\/coregen/core_licenses\XilinxFree.lic;
FLEXnet Licensing error:-5,357
For further information, refer to the FLEXnet Licensing documentation,
available at "www.flexerasoftware.com".
----------------------------------------------------------------------
WARNING: A full ISim License cannot be checked out due to the issues listed above. Please use Xilinx License Configuration Manager to fix these issues in order to check out a full ISim license.
WARNING: ISim will run in Lite mode. Please refer to the ISim documentation for more information on the differences between the Lite and the Full version.
This is a Lite version of ISim.
Time resolution is 1 ps
# onerror resume
# wave add /
# run 1000 ns
Simulator is doing circuit initialization process.
at 0 ps, Instance /robottest/uut/data_mem/ : Warning: There is an 'U'|'X'|'W'|'Z'|'-' in an arithmetic operand, the result will be 'X'(es).
at 0 ps, Instance /robottest/uut/data_mem/ : Warning: CONV_INTEGER: There is an 'U'|'X'|'W'|'Z'|'-' in an arithmetic operand, and it has been converted to 0.
Finished circuit initialization process.
at 2 ns: Note: Test1 (/robottest/).
at 3500 ps: Note: Test2 (/robottest/).
at 14500 ps: Note: Test3 (/robottest/).
at 95500 ps: Note: Test4 (/robottest/).
at 107500 ps: Note: Test5 (/robottest/).
at 107500 ps: Error: 5:Fail
at 184500 ps: Note: Test6 (/robottest/).
at 184500 ps: Error: 6:Fail
at 191500 ps: Note: Test7 (/robottest/).
at 191500 ps: Error: 7:Fail
at 191500 ps: Note: Test Complete (/robottest/).
INFO: Simulator is stopped.
